Arguments: 
  /usr/local/bin/node /usr/local/bin/yarn add @react-navigation/native @react-navigation/native-stack

PATH: 
  /Users/rohid/.gem/bin:/opt/homebrew/bin:/opt/homebrew/sbin:/usr/local/bin:/System/Cryptexes/App/usr/bin:/usr/bin:/bin:/usr/sbin:/sbin:/Library/Apple/usr/bin:/Users/rohid/.gem/bin:/opt/homebrew/bin:/opt/homebrew/sbin:/Users/rohid/flutter/bin:/Users/rohid/.pub-cache/bin:/Users/rohid/Library/Android/sdk/emulator:/Users/rohid/Library/Android/sdk/platform-tools:/Users/rohid/flutter/bin:/Users/rohid/.pub-cache/bin:/Users/rohid/Library/Android/sdk/emulator:/Users/rohid/Library/Android/sdk/platform-tools

Yarn version: 
  1.22.19

Node version: 
  18.14.0

Platform: 
  darwin arm64

Trace: 
  Error: https://registry.yarnpkg.com/expo: ETIMEDOUT
      at Timeout._onTimeout (/usr/local/lib/node_modules/yarn/lib/cli.js:141550:19)
      at listOnTimeout (node:internal/timers:569:17)
      at process.processTimers (node:internal/timers:512:7)

npm manifest: 
  {
    "name": "react-native-app-intro-animation",
    "version": "1.0.0",
    "main": "node_modules/expo/AppEntry.js",
    "scripts": {
      "start": "expo start",
      "android": "expo start --android",
      "ios": "expo start --ios",
      "web": "expo start --web"
    },
    "dependencies": {
      "expo": "~48.0.9",
      "expo-status-bar": "~1.4.4",
      "react": "18.2.0",
      "react-native": "0.71.4"
    },
    "devDependencies": {
      "@babel/core": "^7.20.0",
      "@types/react": "~18.0.14",
      "typescript": "^4.9.4"
    },
    "private": true
  }

yarn manifest: 
  No manifest

Lockfile: 
  No lockfile
